<?xml version="1.0" encoding="UTF-8"?>
<!-- Generated by org.testng.reporters.JUnitXMLReporter -->
<testsuite hostname="HSSSC1PCL01288" ignored="0" name="Auto Function" tests="1" failures="1" timestamp="26 Apr 2017 07:20:35 GMT" time="9.92" errors="0">
  <testcase name="checkLogInNOTSuccess" time="1.401" classname="phpTravels.pack.tests.SignInTest">
    <failure type="java.lang.AssertionError" message="Title Sign In page is not match - Failed expected [true] but found [false]">
      <![CDATA[java.lang.AssertionError: Title Sign In page is not match - Failed expected [true] but found [false]
	at phpTravels.pack.tests.SignInTest.checkLogInNOTSuccess(SignInTest.java:45)
... Removed 28 stack frames]]>
    </failure>
  </testcase> <!-- checkLogInNOTSuccess -->
</testsuite> <!-- Auto Function -->
