<?xml version="1.0" encoding="UTF-8"?>
<!-- Generated by org.testng.reporters.JUnitXMLReporter -->
<testsuite hostname="HSSSC1PCL01288" ignored="0" name="Regression Sign In" tests="2" failures="1" timestamp="26 Apr 2017 08:42:12 GMT" time="47.016" errors="0">
  <testcase name="checkLogInNOTSuccess" time="1.493" classname="phpTravels.pack.tests.SignInTest">
    <failure type="java.lang.AssertionError" message="Title Sign In page is not match - Failed expected [true] but found [false]">
      <![CDATA[java.lang.AssertionError: Title Sign In page is not match - Failed expected [true] but found [false]
	at phpTravels.pack.tests.SignInTest.checkLogInNOTSuccess(SignInTest.java:45)
... Removed 28 stack frames]]>
    </failure>
  </testcase> <!-- checkLogInNOTSuccess -->
  <testcase name="checkEnterInforSignUpSuccess" time="2.38" classname="phpTravels.pack.tests.SignUpTest"/>
</testsuite> <!-- Regression Sign In -->
